0.0102097988
0.0046741962
0.0035166740
0.0047228336
0.0019726753
0.0031836033
0.0027747154
0.0021817684
0.0015435219
0.0018892288
0.0012743473
0.0012164116
0.0012755394
0.0012538433
0.0011026859
0.0006654263
0.0008108616
0.0006892681
0.0006883144
0.0009951591
0.0005245209
0.0006988049
0.0009295940
0.0005350113
0.0007164478
0.0004529953
0.0005118847
0.0199854374
0.0004756451
0.0010449886
0.0004615784
0.0004594326
0.0013127327
0.0003836155
0.0005750656
0.0006530285
0.0090887547
0.0199553967
0.0199856758
0.0638992786
0.0319895744
0.0290975571
0.0370402336
0.0328996181
0.0239923000
0.0145287514
0.0521116257
0.1088168621
0.0847856998
0.0975570679