0.0143606663
0.0098187923
0.0065174103
0.0063340664
0.0046999454
0.0044679642
0.0048749447
0.0034017563
0.0032055378
0.0032050610
0.0031194687
0.0035481453
0.0025537014
0.0030713081
0.0022931099
0.0025918484
0.0021708012
0.0020132065
0.0025548935
0.0022313595
0.0020425320
0.0026795864
0.0021789074
0.0021040440
0.0025517941
0.0019917488
0.0021665096
0.0021305084
0.0020627975
0.0020153522
0.0020320415
0.0051753521
0.0096175671
0.0023801327
0.0019521713
0.0022370815
0.0283677578
0.0173172951
0.0373051167
0.0211782455
0.0479981899
0.0294048786
0.0228259563
0.1880249977
0.1640155315
0.1601102352
0.1159915924
0.0919923782
0.0601382256
0.0719802380