0.3253865
0.2013118
0.1944675
0.1852591
0.1936135
0.1893559
0.2117684
0.2556312
0.3022332
0.2345109
0.2747390
0.2902684
0.2905254
0.3371408
0.2188895
0.2213764
0.3053923
0.2783711
0.2195117
0.2796769
0.2546866
0.2814982
0.2712085
0.2703378
0.2977214
0.3630953
0.3144810
0.3727612
0.3362515
0.2988241
0.3814130
0.3971627
0.3698232
0.4467981
0.4352651
0.5607133
0.4673743
0.7369440
0.5421188
0.5023844
0.4800515
0.6186800
0.6823342
0.5997515
0.6193180
0.5889914
0.7882955
0.5251238
0.7814877
0.6173880
