0.2565141
0.2045817
0.1988330
0.1888983
0.1951458
0.1836507
0.1815109
0.1901910
0.2693529
0.2123551
0.2326860
0.2467165
0.2140541
0.2289813
0.2073417
0.2460606
0.3244462
0.2297099
0.2206178
0.3237877
0.2682221
0.3316457
0.2675583
0.2652001
0.2732277
0.2762349
0.3520281
0.3748801
0.2651463
0.2929835
0.3779895
0.3935344
0.3957357
0.4425154
0.4417734
0.4994881
0.4811554
0.4260850
0.4861360
0.4999871
0.5222883
0.5648835
0.5805418
0.6592338
0.6915998
0.5420730
0.5038483
0.5777030
0.5937176
0.8339026
