0.2157845
0.1816058
0.2104714
0.1805382
0.2192116
0.2529211
0.3317592
0.2205033
0.1911395
0.1992650
0.1771998
0.1934016
0.1906564
0.2069299
0.2710366
0.2679224
0.2821212
0.2374973
0.2032056
0.2733514
0.2931099
0.2764676
0.2666852
0.3637023
0.3664911
0.3475723
0.2959085
0.2793374
0.3618214
0.3118174
0.2667522
0.2802970
0.3512876
0.3246253
0.3610551
0.3824430
0.4404645
0.4302719
0.4293218
0.4854016
0.4591510
0.4725990
0.5928600
0.6345253
0.5493350
0.5618064
0.6762087
0.5143075
0.6660676
0.4797285
0.8648999
0.6486392
0.5842514
0.5975440
0.6256318
0.5977852
