0.0888517
0.0742371
0.0795486
0.0555737
0.0843124
0.0544896
0.0598085
0.0792625
0.0917835
0.0611389
0.0671971
0.0640187
0.1051965
0.1075621
0.1123025
0.1128380
0.1080070
0.1037869
0.1011689
0.1064887
0.1105111
0.1234477
0.1312799
0.1255662
0.1269586
0.1363699
0.1319401
0.1479840
0.1404424
0.1412687
0.1308663
0.1570687
0.1537983
0.1978972
0.1687050
0.1859210
0.1864066
0.2713873
0.1796200
0.2777102
0.2612374
0.2189567
0.2567561
0.2612700
0.2531996
0.2566407
0.1928632
0.2519827
0.2730479
0.2697484
