0.1883287
0.1898005
0.2041004
0.2055118
0.3000975
0.3145266
0.2626660
0.2018809
0.1964784
0.1853027
0.1882858
0.1970716
0.1953743
0.2073948
0.2119255
0.2083437
0.2215877
0.2844591
0.2248785
0.2354298
0.3319662
0.3214066
0.2711430
0.3117821
0.2980423
0.3466704
0.2599499
0.3440256
0.3079064
0.3484151
0.3143384
0.3501146
0.3613873
0.3536732
0.3391137
0.3291886
0.3730109
0.4448073
0.4045336
0.5599327
0.5150170
0.5733213
0.5554504
0.5026925
0.5867548
0.6602018
0.4618182
0.5370605
0.6407759
0.4952679
0.5890543
0.5994380
0.6748033
0.7666922
0.6575880
0.6441290
