0.1028607
0.0682898
0.0608408
0.0526636
0.0521255
0.0547671
0.0621326
0.0527961
0.0871601
0.0645204
0.0756116
0.0673094
0.0903065
0.0954895
0.0661397
0.0858502
0.0759208
0.0821164
0.0681417
0.0692086
0.0956900
0.1034687
0.0751574
0.1001000
0.1069992
0.1117637
0.0950646
0.1149278
0.1156063
0.1235721
0.1020072
0.1199284
0.1231811
0.1742399
0.1483889
0.1521761
0.2061200
0.1956804
0.1826541
0.1617668
0.1974001
0.1962633
0.2847559
0.1886413
0.2141652
0.2622981
0.2072463
0.2121840
0.2502267
0.2201381
