0.0538008
0.0593662
0.0840464
0.0603399
0.0657094
0.1070917
0.1042080
0.0702810
0.0598667
0.0702147
0.0473022
0.0535386
0.0554678
0.0516930
0.0854414
0.0920501
0.0988901
0.0658720
0.0563667
0.1043491
0.0624735
0.1061990
0.0863309
0.1121912
0.0932567
0.1003261
0.0733414
0.0731246
0.1029868
0.1128378
0.1112540
0.1053309
0.1073215
0.1092823
0.1271784
0.1174912
0.1516345
0.1652334
0.1634285
0.1930296
0.1661482
0.1883302
0.1640720
0.1634662
0.1813021
0.1952095
0.2022479
0.1992695
0.2443967
0.2301788
0.2131155
0.1612458
0.1654110
0.2423410
0.2460186
0.2109823
