0.0498872
0.0646334
0.0626087
0.0605342
0.0990396
0.1204896
0.0861659
0.0537376
0.0532877
0.0622962
0.0507879
0.0543756
0.0615568
0.0635073
0.1021442
0.1062083
0.1077383
0.0748668
0.1128788
0.1140184
0.1054924
0.1050138
0.1211777
0.1288252
0.1337726
0.1353414
0.1116097
0.1200366
0.1234038
0.1273608
0.1278920
0.1348002
0.1315875
0.1345241
0.1354821
0.1437433
0.1829789
0.1648688
0.1771395
0.1942887
0.1966751
0.1941977
0.1931968
0.1701772
0.2132008
0.1771896
0.1829853
0.1872449
0.1937952
0.2184553
0.2205620
0.2174048
0.2615230
0.2128758
0.2305036
0.2477479
