p=5, BigFile FixedLength Run Time: 0.0494432 s
p=5, BigFile AvgLength Run Time: 0.0509994 s
p=1, process file number: 17
p=2, process file number: 32
p=3, process file number: 28
p=4, process file number: 23
p=5, SmallFile UnSort Run Time: 0.1754525 s
p=1, process file number: 59
p=2, process file number: 17
p=3, process file number: 17
p=4, process file number: 5
p=5, SmallFile Sorted Run Time: 0.1970956 s
p=5, BigFile FixedLength Run Time: 0.0551391 s
p=5, BigFile AvgLength Run Time: 0.0509200 s
p=1, process file number: 28
p=2, process file number: 23
p=3, process file number: 25
p=4, process file number: 24
p=5, SmallFile UnSort Run Time: 0.1925492 s
p=1, process file number: 18
p=2, process file number: 38
p=3, process file number: 22
p=4, process file number: 20
p=5, SmallFile Sorted Run Time: 0.1948922 s
p=9, BigFile FixedLength Run Time: 0.0826402 s
p=9, BigFile AvgLength Run Time: 0.0551300 s
p=1, process file number: 13
p=2, process file number: 8
p=3, process file number: 17
p=4, process file number: 7
p=5, process file number: 15
p=6, process file number: 11
p=7, process file number: 14
p=8, process file number: 15
p=9, SmallFile UnSort Run Time: 0.2439094 s
p=1, process file number: 2
p=2, process file number: 13
p=3, process file number: 12
p=4, process file number: 10
p=5, process file number: 12
p=6, process file number: 7
p=7, process file number: 10
p=8, process file number: 32
p=9, SmallFile Sorted Run Time: 0.1956217 s
p=9, BigFile FixedLength Run Time: 0.0548983 s
p=9, BigFile AvgLength Run Time: 0.0551105 s
p=1, process file number: 10
p=2, process file number: 17
p=3, process file number: 10
p=4, process file number: 15
p=5, process file number: 9
p=6, process file number: 12
p=7, process file number: 11
p=8, process file number: 16
p=9, SmallFile UnSort Run Time: 0.1927078 s
p=1, process file number: 12
p=2, process file number: 17
p=3, process file number: 33
p=4, process file number: 11
p=5, process file number: 10
p=6, process file number: 9
p=7, process file number: 4
p=8, process file number: 2
p=9, SmallFile Sorted Run Time: 0.1975713 s
p=17, BigFile FixedLength Run Time: 0.1112938 s
p=17, BigFile AvgLength Run Time: 0.0959437 s
p=1, process file number: 4
p=2, process file number: 7
p=3, process file number: 7
p=4, process file number: 5
p=5, process file number: 9
p=6, process file number: 6
p=7, process file number: 8
p=8, process file number: 5
p=9, process file number: 7
p=10, process file number: 6
p=11, process file number: 6
p=12, process file number: 6
p=13, process file number: 3
p=14, process file number: 8
p=15, process file number: 6
p=16, process file number: 7
p=17, SmallFile UnSort Run Time: 0.2426140 s
p=1, process file number: 5
p=2, process file number: 5
p=3, process file number: 5
p=4, process file number: 4
p=5, process file number: 5
p=6, process file number: 4
p=7, process file number: 1
p=8, process file number: 1
p=9, process file number: 5
p=10, process file number: 5
p=11, process file number: 6
p=12, process file number: 5
p=13, process file number: 5
p=14, process file number: 32
p=15, process file number: 5
p=16, process file number: 5
p=17, SmallFile Sorted Run Time: 0.2640789 s
p=17, BigFile FixedLength Run Time: 0.1131616 s
p=17, BigFile AvgLength Run Time: 0.1018817 s
p=1, process file number: 5
p=2, process file number: 7
p=3, process file number: 6
p=4, process file number: 6
p=5, process file number: 3
p=6, process file number: 6
p=7, process file number: 6
p=8, process file number: 6
p=9, process file number: 6
p=10, process file number: 6
p=11, process file number: 7
p=12, process file number: 5
p=13, process file number: 9
p=14, process file number: 6
p=15, process file number: 8
p=16, process file number: 8
p=17, SmallFile UnSort Run Time: 0.2416201 s
p=1, process file number: 5
p=2, process file number: 5
p=3, process file number: 5
p=4, process file number: 5
p=5, process file number: 6
p=6, process file number: 6
p=7, process file number: 33
p=8, process file number: 5
p=9, process file number: 5
p=10, process file number: 5
p=11, process file number: 3
p=12, process file number: 4
p=13, process file number: 1
p=14, process file number: 1
p=15, process file number: 5
p=16, process file number: 4
p=17, SmallFile Sorted Run Time: 0.2180090 s
