8.113426685
4.617920160
4.076962948
3.179721355
2.947552443
2.868902445
2.430440903
2.285358667
2.048143387
2.312398434
2.201114178
2.161800623
2.178011894
1.983403683
2.000352383
1.534638166
1.882720470
1.740144491
1.811017275
1.789784431
1.912200928
1.802661180
1.677537203
1.736031055
1.811959743
1.631173849
1.663390398
1.690594912
2.082330465
1.673687220
2.061959505
1.765866756
1.858236313
1.715690851
1.946888208
2.534981966
2.427260637
3.132404566
2.588232756
2.624605179
2.749349833
4.692685366
3.030642986
2.950271368
3.757398605
3.944103479
3.425069571
4.549077749
5.206594467
3.659671068
4.916275501
5.577793837
8.406918049
5.161164045
12.729428768
6.602555037
8.938932419
4.906332493
7.102964163
10.699881077
5.824326515
8.164759159
10.075016975
6.471766949
7.033718348
15.071295977
4.564100981
8.113399267
15.194644213
7.635889530
7.567308426
8.074642658
12.000945091
9.860614777
8.686843634
13.517227173
13.877834558
14.239916086
11.486723423
6.294273138
10.849128008
15.233594418
16.846202850
15.281895638
10.089394093
11.936162949
11.543160915
16.602128744
17.587588787
14.121412516
19.169151783
25.772476435
15.234098673
24.826421738
9.979522228
13.136122227
16.283594370
23.475410223
17.405873299
22.226187944
