7.930618763
4.533923388
4.273075104
2.983309746
2.664110184
2.829781055
2.520559788
1.992874384
2.180588245
2.282315731
2.159200430
2.270275116
2.104141712
1.985333204
1.935976744
1.599052668
1.842482328
1.701673269
1.792266607
1.864098787
1.803045988
1.753977537
1.734510899
1.779377699
1.772059441
1.760374069
1.757247686
1.718352318
1.713688135
1.770615816
1.729235172
1.415559292
2.396526575
1.904514790
1.905237436
2.452994823
2.366919756
2.207191944
2.882218122
2.890794992
3.142161846
2.750477076
3.483187914
3.597136259
3.343356133
7.651991844
3.437502384
4.624957800
3.746604204
5.022969961
5.344902992
4.228610516
5.015036345
4.549514055
10.954436302
8.543040037
7.527299404
7.880841970
5.604531765
11.619847536
8.798766851
7.316606045
12.142420769
6.281294107
5.766923428
7.188409805
6.858139992
8.147314787
4.749237776
8.455185413
15.328781366
6.029697180
8.175968409
12.765658855
10.331032038
7.520083666
11.108633280
9.068190813
9.401021719
16.549134731
12.307874918
13.562426805
11.538772106
10.570394754
15.890462637
12.742014647
11.074703217
9.230859041
19.313381672
20.811481953
12.669356346
19.019654274
20.916998863
25.355591059
20.113756180
31.369664431
27.859377623
17.316217899
15.449146271
26.514235258
