
8 个Perfect Number: 6, 28, 496, 8128, 33550336, 8589869056, 137438691328, 2305843008139952128.

p0: 0
p1: 30

Run Time: 0.000095 seconds

8 个Perfect Number: 6, 28, 496, 8128, 33550336, 8589869056, 137438691328, 2305843008139952128.

p0: 0
p1: 18
p2: 12

Run Time: 0.000081 seconds

8 个Perfect Number: 6, 28, 496, 8128, 33550336, 8589869056, 2305843008139952128, 137438691328.

p0: 0
p1: 11
p2: 15
p3: 4

Run Time: 0.000092 seconds

8 个Perfect Number: 6, 28, 8128, 496, 33550336, 8589869056, 137438691328, 2305843008139952128.

p0: 0
p1: 5
p2: 11
p3: 5
p4: 9

Run Time: 0.000084 seconds

8 个Perfect Number: 6, 28, 496, 8128, 33550336, 8589869056, 2305843008139952128, 137438691328.

p0: 0
p1: 8
p2: 2
p3: 8
p4: 8
p5: 4

Run Time: 0.000080 seconds

8 个Perfect Number: 6, 28, 496, 8128, 33550336, 8589869056, 2305843008139952128, 137438691328.

p0: 0
p1: 8
p2: 6
p3: 5
p4: 2
p5: 8
p6: 1

Run Time: 0.000091 seconds

8 个Perfect Number: 28, 496, 6, 8128, 33550336, 8589869056, 2305843008139952128, 137438691328.

p0: 0
p1: 4
p2: 5
p3: 2
p4: 5
p5: 4
p6: 5
p7: 5

Run Time: 0.000106 seconds

8 个Perfect Number: 6, 28, 8128, 496, 33550336, 2305843008139952128, 8589869056, 137438691328.

p0: 0
p1: 1
p2: 7
p3: 5
p4: 3
p5: 1
p6: 4
p7: 0
p8: 9

Run Time: 0.000085 seconds

8 个Perfect Number: 28, 6, 496, 8128, 33550336, 8589869056, 137438691328, 2305843008139952128.

p0: 0
p1: 3
p2: 5
p3: 1
p4: 5
p5: 3
p6: 5
p7: 1
p8: 5
p9: 2

Run Time: 0.000074 seconds

8 个Perfect Number: 6, 28, 8128, 496, 33550336, 8589869056, 2305843008139952128, 137438691328.

p0: 0
p1: 3
p2: 6
p3: 4
p4: 6
p5: 3
p6: 2
p7: 2
p8: 3
p9: 0
p10: 1

Run Time: 0.000097 seconds

8 个Perfect Number: 6, 28, 8128, 496, 33550336, 8589869056, 137438691328, 2305843008139952128.

p0: 0
p1: 3
p2: 2
p3: 3
p4: 3
p5: 3
p6: 2
p7: 2
p8: 4
p9: 2
p10: 4
p11: 2

Run Time: 0.000090 seconds

8 个Perfect Number: 6, 28, 496, 8128, 33550336, 8589869056, 2305843008139952128, 137438691328.

p0: 0
p1: 4
p2: 5
p3: 3
p4: 6
p5: 0
p6: 3
p7: 0
p8: 4
p9: 2
p10: 1
p11: 2
p12: 0

Run Time: 0.000089 seconds

8 个Perfect Number: 6, 28, 496, 8128, 33550336, 8589869056, 137438691328, 2305843008139952128.

p0: 0
p1: 3
p2: 4
p3: 3
p4: 4
p5: 2
p6: 4
p7: 3
p8: 1
p9: 1
p10: 1
p11: 1
p12: 2
p13: 1

Run Time: 0.000110 seconds

8 个Perfect Number: 6, 28, 496, 8128, 33550336, 8589869056, 2305843008139952128, 137438691328.

p0: 0
p1: 3
p2: 3
p3: 2
p4: 3
p5: 3
p6: 2
p7: 3
p8: 2
p9: 1
p10: 1
p11: 2
p12: 2
p13: 1
p14: 2

Run Time: 0.000099 seconds

8 个Perfect Number: 6, 28, 496, 8128, 33550336, 8589869056, 137438691328, 2305843008139952128.

p0: 0
p1: 2
p2: 2
p3: 2
p4: 2
p5: 2
p6: 2
p7: 2
p8: 2
p9: 2
p10: 2
p11: 2
p12: 2
p13: 2
p14: 2
p15: 2

Run Time: 0.000130 seconds

8 个Perfect Number: 6, 28, 496, 8128, 33550336, 8589869056, 2305843008139952128, 137438691328.

p0: 0
p1: 2
p2: 2
p3: 2
p4: 2
p5: 2
p6: 2
p7: 2
p8: 2
p9: 2
p10: 2
p11: 2
p12: 2
p13: 1
p14: 1
p15: 2
p16: 2

Run Time: 0.000195 seconds

8 个Perfect Number: 6, 28, 496, 8128, 33550336, 8589869056, 2305843008139952128, 137438691328.

p0: 0
p1: 0
p2: 4
p3: 2
p4: 2
p5: 4
p6: 1
p7: 1
p8: 3
p9: 1
p10: 3
p11: 3
p12: 1
p13: 1
p14: 0
p15: 0
p16: 3
p17: 1

Run Time: 0.000110 seconds

8 个Perfect Number: 6, 28, 496, 8128, 33550336, 8589869056, 2305843008139952128, 137438691328.

p0: 0
p1: 2
p2: 2
p3: 2
p4: 0
p5: 2
p6: 2
p7: 1
p8: 0
p9: 3
p10: 3
p11: 0
p12: 3
p13: 2
p14: 2
p15: 1
p16: 2
p17: 1
p18: 2

Run Time: 0.001693 seconds

8 个Perfect Number: 6, 28, 496, 8128, 33550336, 2305843008139952128, 8589869056, 137438691328.

p0: 0
p1: 1
p2: 1
p3: 2
p4: 2
p5: 2
p6: 2
p7: 2
p8: 2
p9: 2
p10: 2
p11: 2
p12: 2
p13: 2
p14: 1
p15: 1
p16: 1
p17: 1
p18: 1
p19: 1

Run Time: 0.001766 seconds

8 个Perfect Number: 6, 28, 496, 8128, 33550336, 8589869056, 137438691328, 2305843008139952128.

p0: 0
p1: 1
p2: 3
p3: 1
p4: 4
p5: 4
p6: 3
p7: 0
p8: 1
p9: 4
p10: 0
p11: 2
p12: 0
p13: 0
p14: 0
p15: 0
p16: 4
p17: 3
p18: 0
p19: 0
p20: 0

Run Time: 0.000303 seconds

8 个Perfect Number: 6, 28, 496, 8128, 33550336, 8589869056, 2305843008139952128, 137438691328.

p0: 0
p1: 2
p2: 7
p3: 2
p4: 0
p5: 0
p6: 3
p7: 0
p8: 3
p9: 0
p10: 0
p11: 0
p12: 0
p13: 0
p14: 0
p15: 0
p16: 4
p17: 0
p18: 3
p19: 6
p20: 0
p21: 0

Run Time: 0.000120 seconds

8 个Perfect Number: 6, 28, 496, 8128, 33550336, 8589869056, 2305843008139952128, 137438691328.

p0: 0
p1: 0
p2: 1
p3: 0
p4: 5
p5: 4
p6: 4
p7: 0
p8: 0
p9: 3
p10: 0
p11: 0
p12: 1
p13: 1
p14: 0
p15: 1
p16: 4
p17: 3
p18: 2
p19: 1
p20: 0
p21: 0
p22: 0

Run Time: 0.002091 seconds

8 个Perfect Number: 6, 28, 496, 8128, 33550336, 8589869056, 2305843008139952128, 137438691328.

p0: 0
p1: 1
p2: 1
p3: 1
p4: 1
p5: 1
p6: 0
p7: 1
p8: 2
p9: 0
p10: 2
p11: 0
p12: 2
p13: 2
p14: 2
p15: 2
p16: 2
p17: 1
p18: 0
p19: 2
p20: 2
p21: 2
p22: 2
p23: 1

Run Time: 0.001519 seconds

8 个Perfect Number: 6, 28, 496, 8128, 33550336, 8589869056, 2305843008139952128, 137438691328.

p0: 0
p1: 2
p2: 3
p3: 3
p4: 3
p5: 2
p6: 2
p7: 1
p8: 2
p9: 1
p10: 0
p11: 0
p12: 2
p13: 0
p14: 2
p15: 0
p16: 1
p17: 1
p18: 1
p19: 1
p20: 1
p21: 1
p22: 0
p23: 0
p24: 1

Run Time: 0.001580 seconds

8 个Perfect Number: 28, 6, 496, 8128, 33550336, 8589869056, 137438691328, 2305843008139952128.

p0: 0
p1: 4
p2: 1
p3: 4
p4: 4
p5: 3
p6: 2
p7: 0
p8: 3
p9: 2
p10: 1
p11: 0
p12: 1
p13: 2
p14: 0
p15: 0
p16: 2
p17: 0
p18: 0
p19: 0
p20: 0
p21: 0
p22: 0
p23: 0
p24: 0
p25: 1

Run Time: 0.000542 seconds

8 个Perfect Number: 6, 28, 8128, 496, 33550336, 8589869056, 137438691328, 2305843008139952128.

p0: 0
p1: 0
p2: 0
p3: 4
p4: 0
p5: 0
p6: 7
p7: 1
p8: 0
p9: 7
p10: 5
p11: 2
p12: 0
p13: 0
p14: 0
p15: 0
p16: 0
p17: 2
p18: 1
p19: 0
p20: 0
p21: 1
p22: 0
p23: 0
p24: 0
p25: 0
p26: 0

Run Time: 0.000174 seconds

8 个Perfect Number: 6, 28, 496, 8128, 33550336, 8589869056, 2305843008139952128, 137438691328.

p0: 0
p1: 2
p2: 1
p3: 1
p4: 2
p5: 0
p6: 0
p7: 0
p8: 4
p9: 0
p10: 5
p11: 0
p12: 4
p13: 2
p14: 3
p15: 0
p16: 1
p17: 0
p18: 2
p19: 1
p20: 0
p21: 0
p22: 0
p23: 0
p24: 0
p25: 0
p26: 0
p27: 2

Run Time: 0.001838 seconds

8 个Perfect Number: 6, 28, 496, 8128, 33550336, 8589869056, 137438691328, 2305843008139952128.

p0: 0
p1: 3
p2: 3
p3: 0
p4: 2
p5: 3
p6: 0
p7: 0
p8: 3
p9: 2
p10: 4
p11: 0
p12: 0
p13: 3
p14: 3
p15: 0
p16: 0
p17: 2
p18: 2
p19: 0
p20: 0
p21: 0
p22: 0
p23: 0
p24: 0
p25: 0
p26: 0
p27: 0
p28: 0

Run Time: 0.002611 seconds

8 个Perfect Number: 6, 28, 496, 8128, 33550336, 8589869056, 137438691328, 2305843008139952128.

p0: 0
p1: 4
p2: 1
p3: 0
p4: 4
p5: 3
p6: 0
p7: 1
p8: 2
p9: 3
p10: 0
p11: 0
p12: 0
p13: 3
p14: 1
p15: 0
p16: 3
p17: 0
p18: 0
p19: 1
p20: 0
p21: 1
p22: 2
p23: 1
p24: 0
p25: 0
p26: 0
p27: 0
p28: 0
p29: 0

Run Time: 0.000148 seconds

8 个Perfect Number: 6, 28, 496, 8128, 33550336, 8589869056, 2305843008139952128, 137438691328.

p0: 0
p1: 3
p2: 0
p3: 3
p4: 3
p5: 2
p6: 0
p7: 2
p8: 0
p9: 2
p10: 0
p11: 0
p12: 3
p13: 2
p14: 3
p15: 0
p16: 0
p17: 0
p18: 2
p19: 2
p20: 0
p21: 0
p22: 1
p23: 0
p24: 1
p25: 1
p26: 0
p27: 0
p28: 0
p29: 0
p30: 0

Run Time: 0.000216 seconds

8 个Perfect Number: 6, 28, 496, 8128, 33550336, 8589869056, 137438691328, 2305843008139952128.

p0: 0
p1: 0
p2: 2
p3: 0
p4: 2
p5: 0
p6: 2
p7: 0
p8: 2
p9: 0
p10: 2
p11: 0
p12: 2
p13: 0
p14: 2
p15: 0
p16: 2
p17: 0
p18: 2
p19: 0
p20: 2
p21: 0
p22: 2
p23: 0
p24: 2
p25: 0
p26: 2
p27: 0
p28: 2
p29: 0
p30: 2
p31: 0

Run Time: 0.001917 seconds
